JvmtiExport can_access_local_variables 0
JvmtiExport can_hotswap_or_post_breakpoint 0
JvmtiExport can_post_on_exceptions 0
# 332 ciObject found
instanceKlass com/mathworks/mlwidgets/explorer/extensions/archive/CommonsCompressZipInput$1
instanceKlass com/mathworks/installservicehandler/InstallServiceHandlerUtilities
instanceKlass com/mathworks/mde/desk/LoginStatusIndicator$7
instanceKlass sun/awt/ModalExclude
instanceKlass javax/swing/PopupFactory
instanceKlass javax/swing/plaf/basic/BasicToolTipUI$PropertyChangeHandler
instanceKlass java/awt/Event
instanceKlass com/mathworks/hg/uij/TextBoundsRequestHandler$TextExtentsRunnable
instanceKlass com/mathworks/hg/uij/TextBoundsRequestHandler
instanceKlass com/mathworks/mde/cmdhist/AltHistoryCollection$AllSaver$1
instanceKlass com/mathworks/hg/peer/CommandRunnable
instanceKlass com/mathworks/mde/cmdhist/AltHistoryCollection$AllSaver
instanceKlass com/mathworks/mde/cmdwin/CmdWinDocumentUtilities
instanceKlass com/mathworks/mde/cmdwin/CmdWinDocument$4
instanceKlass com/mathworks/mde/cmdwin/CmdWinDocument$AnnotatedInfo
instanceKlass com/mathworks/mde/cmdwin/CmdWinDocument$SpecialCharacter
instanceKlass com/mathworks/mde/cmdhist/AltHistory$4
instanceKlass com/mathworks/hg/util/DisplayChangeManager
instanceKlass com/mathworks/hg/util/GraphicsDeviceUtilities
instanceKlass com/mathworks/hg/peer/JOGLEventListener
instanceKlass com/jogamp/opengl/util/TileRendererBase$TileRendererListener
instanceKlass jogamp/opengl/GLDrawableHelper$1
instanceKlass com/jogamp/opengl/awt/GLJPanel$12
instanceKlass com/jogamp/opengl/awt/GLJPanel$11
instanceKlass com/jogamp/opengl/awt/GLJPanel$10
instanceKlass com/jogamp/opengl/awt/GLJPanel$9
instanceKlass com/jogamp/opengl/awt/GLJPanel$8
instanceKlass com/jogamp/opengl/awt/GLJPanel$6
instanceKlass com/jogamp/opengl/awt/GLJPanel$5
instanceKlass com/jogamp/opengl/awt/GLJPanel$4
instanceKlass com/jogamp/opengl/awt/GLJPanel$2
instanceKlass com/jogamp/nativewindow/awt/AWTWindowClosingProtocol
instanceKlass com/jogamp/opengl/awt/GLJPanel$1
instanceKlass com/mathworks/hg/peer/HGCanvasPeer$Scale
instanceKlass com/mathworks/hg/peer/HGCanvasPeer$Size
instanceKlass jogamp/opengl/GLDrawableHelper
instanceKlass com/jogamp/opengl/GLRunnable
instanceKlass com/jogamp/opengl/GLCapabilitiesChooser
instanceKlass com/jogamp/opengl/util/awt/AWTGLPixelBuffer$AWTGLPixelBufferProvider
instanceKlass com/jogamp/opengl/util/GLPixelBuffer$SingletonGLPixelBufferProvider
instanceKlass com/jogamp/opengl/util/GLPixelBuffer$GLPixelBufferProvider
instanceKlass com/jogamp/opengl/awt/GLJPanel$Updater
instanceKlass com/jogamp/opengl/GLAnimatorControl
instanceKlass com/jogamp/opengl/FPSCounter
instanceKlass jogamp/opengl/awt/AWTTilePainter
instanceKlass com/jogamp/opengl/awt/GLJPanel$Backend
instanceKlass com/jogamp/opengl/GLEventListener
instanceKlass com/mathworks/hg/peer/OpenGLWrapper$OpenGLEventListener
instanceKlass com/mathworks/hg/peer/GLCanvasPeerFactory
instanceKlass com/mathworks/hg/peer/GraphicsPeersUtilities$PairOfPeers
instanceKlass com/mathworks/hg/peer/GraphicsPeer$1
instanceKlass com/mathworks/hg/peer/CanvasPeerMouseListener
instanceKlass com/mathworks/hg/peer/HGCanvasComponentPeer
instanceKlass com/mathworks/hg/print/Exportable
instanceKlass com/mathworks/hg/peer/HGCanvasPeer
instanceKlass com/mathworks/hg/peer/GraphicsPeer
instanceKlass com/mathworks/hg/peer/SceneServerInterface
instanceKlass com/mathworks/hg/peer/CommandTarget
instanceKlass com/mathworks/hg/peer/GraphicsEventHandler
instanceKlass com/mathworks/hg/peer/GraphicsPeersUtilities
instanceKlass com/mathworks/hg/peer/WindowRectHandlerImpl$MarginHelper
instanceKlass com/mathworks/hg/peer/FigureInsetsUtilities
instanceKlass com/mathworks/hg/util/HGPeerQueue
instanceKlass com/mathworks/jmi/bean/BeanFinalizeNotifier
instanceKlass com/mathworks/jmi/bean/ClassInfoServer
instanceKlass com/mathworks/util/MutableInt
instanceKlass com/mathworks/jmi/bean/MatlabBeanInterface
instanceKlass javax/swing/OverlayLayout
instanceKlass com/mathworks/hg/peer/HeavyweightLightweightContainerFactory$UIComponentHost
instanceKlass com/mathworks/hg/peer/HeavyweightLightweightContainerFactory$UIPanelHost
instanceKlass com/mathworks/hg/peer/FigureComponentContainerProxy$ComponentContainerPropertyChangeListener
instanceKlass com/mathworks/hg/peer/FigureComponentProxy$FigureKeyEventDispatcher
instanceKlass com/mathworks/hg/util/FocusTraversalUtilities
instanceKlass com/mathworks/hg/peer/HeavyweightLightweightContainerFactory
instanceKlass com/mathworks/hg/peer/HeavyweightLightweightContainerFactory$PrintableContainerUtility
instanceKlass com/sun/awt/AWTUtilities
instanceKlass com/mathworks/hg/peer/TransparentPanelUtilities
instanceKlass com/mathworks/hg/print/HGOutputFlags
instanceKlass com/mathworks/hg/peer/FigureClientProxy$FigureDTClientBase$1
instanceKlass com/mathworks/hg/peer/NoBlockOnResizeAndWindowStyleChangeState
instanceKlass com/mathworks/hg/peer/PositionHandler
instanceKlass com/mathworks/hg/peer/FigurePositionableProxy
instanceKlass com/mathworks/hg/peer/UIComponentManager
instanceKlass com/mathworks/hg/peer/FigureKeyListener
instanceKlass com/mathworks/hg/peer/FigureClientProxy$ShowEnabledHandler$1
instanceKlass com/mathworks/hg/peer/IPositionable
instanceKlass com/mathworks/hg/peer/FigurePeer$2
instanceKlass com/mathworks/hg/peer/WindowRectHandlerImpl$LocationSizeSetHandler
instanceKlass com/mathworks/hg/peer/WindowRectHandlerImpl$FigureAttributesChanging
instanceKlass com/mathworks/hg/peer/WindowRectHandlerImpl
instanceKlass com/mathworks/hg/peer/FigureWindowActiveState
instanceKlass com/mathworks/hg/peer/FigureHG2Client
instanceKlass com/mathworks/hg/peer/FigureClient
instanceKlass com/mathworks/hg/peer/BlockedOnPositionState
instanceKlass sun/font/AttributeValues$1
instanceKlass com/mathworks/hg/util/FontNameTranslator$FontNameTable
instanceKlass com/mathworks/hg/util/FontNameTranslator
instanceKlass com/mathworks/hg/util/FontConverter
instanceKlass com/mathworks/hg/uij/TextRasterizer
instanceKlass com/mathworks/mvm/context/ThreadContext$1
instanceKlass com/mathworks/jmi/AWTUtilities$Invoker$5$1
instanceKlass com/mathworks/jmi/AWTUtilities$Invoker$5
instanceKlass com/mathworks/hg/uij/CharacterSizeCalcProxy$1
instanceKlass com/mathworks/hg/uij/CharacterSizeCalcProxy
instanceKlass org/physionet/wfdb/jni/Rdsamp
instanceKlass org/physionet/wfdb/SystemSettings
instanceKlass org/physionet/wfdb/Wfdbexec
instanceKlass com/mathworks/mde/editor/EditorPauseAction$3$1
instanceKlass com/mathworks/mde/editor/EditorToolSetFactory$7$1
instanceKlass com/mathworks/mde/editor/plugins/matlab/ErrorHandlingRunMenu$$Lambda$57
instanceKlass java/lang/invoke/LambdaForm$DMH
instanceKlass com/mathworks/util/Disposable$Parent
instanceKlass com/mathworks/mde/editor/debug/EditorToolstripRefreshManager$BusyIdleListener$1
instanceKlass java/io/Console
instanceKlass com/mathworks/jmi/AWTUtilities$MatlabWait
instanceKlass com/mathworks/mde/cmdwin/CmdWinDocument$FlushRunnable
instanceKlass com/mathworks/mlwidgets/dialog/PathChange$2
instanceKlass com/mathworks/mde/cmdwin/CmdWinMLIF$5$1
instanceKlass com/mathworks/mde/cmdwin/XCaret$4
instanceKlass ca/odell/glazedlists/impl/event/BlockSequence$Iterator
instanceKlass com/mathworks/mde/cmdwin/CmdWinMLIF$5
instanceKlass com/mathworks/mlwidgets/dialog/PathChange$1$1
instanceKlass com/mathworks/hwsmanagement/InstalledSupportPackage$Builder
instanceKlass com/mathworks/mlwidgets/dialog/PathChange$1
instanceKlass com/mathworks/mde/editor/EditorUiUtils
instanceKlass com/mathworks/mlwidgets/dialog/PathChange
instanceKlass com/mathworks/mde/editor/plugins/matlab/EditorSaveRunAndPublishUtils$2
instanceKlass com/mathworks/mde/editor/plugins/matlab/EditorSaveRunAndPublishUtils$1
instanceKlass com/mathworks/mlwidgets/configeditor/ui/ActionRequestListener
instanceKlass com/mathworks/mde/editor/plugins/matlab/EditorSaveRunAndPublishUtils
instanceKlass com/mathworks/mde/editor/plugins/matlab/RunMenu$14
instanceKlass com/mathworks/mde/editor/plugins/editordataservice/LegacyJavaExecutionFeature$2
instanceKlass com/mathworks/ddux/DDUXLog
instanceKlass com/mathworks/mde/liveeditor/LiveEditorStatusBar$4
instanceKlass sun/security/ssl/SecureKey
instanceKlass com/mathworks/mvm/exec/MvmSwingWorker$1$1
instanceKlass com/mathworks/system/editor/toolstrip/MATLABCommandSender$1
instanceKlass com/mathworks/system/editor/toolstrip/MATLABCommandSender$2
instanceKlass com/mathworks/system/editor/toolstrip/ToolstripControllerImpl$1
instanceKlass com/mathworks/mvm/exec/MvmSwingWorker$1
instanceKlass com/mathworks/widgets/desk/Desktop$45
instanceKlass com/mathworks/mde/liveeditor/LiveEditorGlobalActionManager$SingletonHolder
instanceKlass com/mathworks/mde/liveeditor/LiveEditorGlobalActionManager
instanceKlass com/mathworks/mde/liveeditor/widget/rtc/RichDocument$9
instanceKlass com/mathworks/toolbox/matlab/testframework/ui/toolstrip/TestsToolSetMatlabCommandSender$9
instanceKlass com/mathworks/toolbox/matlab/testframework/ui/toolstrip/TestsToolSetMatlabCommandSender$1
instanceKlass com/mathworks/mde/find/FindFilesController
instanceKlass com/mathworks/system/editor/toolstrip/SystemLiveEditorToolstripTabContributor$Listeners$4
instanceKlass com/mathworks/toolbox/matlab/testframework/ui/toolstrip/TestsLiveEditorToolstripContributor$$Lambda$56
instanceKlass java/lang/invoke/LambdaForm$DMH
instanceKlass java/util/ArrayDeque$DescendingIterator
instanceKlass java/awt/font/TextHitInfo
instanceKlass com/mathworks/toolbox/matlab/matlabwindowjava/CEFWebComponent$5
instanceKlass com/mathworks/desktop/overlay/impl/DefaultOverlayManager$OverlayItem
instanceKlass com/google/common/primitives/IntsMethodsForWeb
instanceKlass com/mathworks/util/logger/impl/LegacyLogger
instanceKlass com/mathworks/util/logger/Logger
instanceKlass com/mathworks/util/event/EventUtils$1
instanceKlass com/mathworks/desktop/overlay/impl/DefaultOverlayManager$5
instanceKlass com/mathworks/desktop/overlay/impl/DefaultOverlayManager$4
instanceKlass com/mathworks/desktop/overlay/impl/DefaultOverlayManager$2
instanceKlass com/mathworks/desktop/overlay/impl/DefaultOverlayManager$1
instanceKlass javax/swing/CompareTabOrderComparator
instanceKlass com/google/common/collect/MapMakerInternalMap$StrongValueEntry
instanceKlass com/google/common/collect/MapMakerInternalMap$WeakKeyStrongValueEntry$Helper
instanceKlass com/google/common/collect/MapMakerInternalMap$InternalEntry
instanceKlass com/google/common/collect/MapMakerInternalMap$1
instanceKlass com/google/common/collect/MapMakerInternalMap$WeakValueReference
instanceKlass com/google/common/collect/MapMakerInternalMap$InternalEntryHelper
instanceKlass sun/awt/windows/WInputMethod$1
instanceKlass com/mathworks/desktop/overlay/OverlayManagers$DefaultFactory
instanceKlass com/mathworks/desktop/overlay/OverlayManagers$OverlayManagerFactory
instanceKlass com/mathworks/desktop/overlay/OverlayManagers
instanceKlass java/awt/MultipleGradientPaintContext
instanceKlass java/awt/MultipleGradientPaint
instanceKlass com/mathworks/page/plottool/propertyeditor/controls/AbstractPositionSelector$SelectableRegion
instanceKlass com/mathworks/page/plottool/propertyeditor/controls/LimitsControl$LimitsInputCompletionObserver
instanceKlass com/mathworks/page/plottool/propertyeditor/controls/ValueStringVector
instanceKlass com/mathworks/page/plottool/propertyeditor/controls/PropertyControl$UDDPropertyChangeListener
instanceKlass java/beans/Customizer
instanceKlass com/mathworks/page/plottool/propertyeditor/panels/IPropertyPanel
instanceKlass com/mathworks/page/plottool/propertyeditor/BeanManager
instanceKlass com/mathworks/page/plottool/PropertyEditor$UpdateObjectsMatlabRunnable
instanceKlass com/mathworks/page/plottool/propertyeditor/PropertyEditorResources
instanceKlass com/mathworks/page/plottool/figurepalette/FigurePaletteResources
instanceKlass com/mathworks/page/plottool/figurepalette/VarsPalettePage$FigPalatteWorkspaceIcon
instanceKlass com/mathworks/page/plottool/PlotBrowser$CachedFigureState
instanceKlass com/mathworks/page/plottool/MatlabSelectionListener
instanceKlass javax/swing/event/TreeModelListener
instanceKlass com/mathworks/page/plottool/PlotBrowser$ParentProxy
instanceKlass com/mathworks/page/plottool/PlotBrowser$BrowserItem
instanceKlass com/mathworks/page/plottool/SelectionManager$DropListener
instanceKlass com/mathworks/page/plottool/SelectionManager
instanceKlass com/mathworks/widgets/color/ColorPicker$ColorSwatch
instanceKlass com/mathworks/widgets/color/ColorPickerUtils
instanceKlass com/jgoodies/forms/util/DefaultUnitConverter$DialogBaseUnits
instanceKlass com/jgoodies/forms/util/AbstractUnitConverter
instanceKlass com/mathworks/hg/types/HGLineStyles
instanceKlass com/mathworks/hg/types/HGPoint3
instanceKlass com/mathworks/hg/types/HGView
instanceKlass org/apache/commons/lang/math/Range
instanceKlass com/mathworks/hg/types/Resources
instanceKlass com/mathworks/hg/types/HGMeshColor
instanceKlass com/mathworks/hg/types/HGRectangle
instanceKlass com/mathworks/hg/types/HGPoint
instanceKlass java/beans/PropertyEditorManager
instanceKlass java/beans/PropertyEditorSupport
instanceKlass java/beans/PropertyEditor
instanceKlass com/mathworks/beans/editors/IEditorContextSupport
instanceKlass com/mathworks/beans/editors/EnhancedPropertyEditor
instanceKlass com/mathworks/hg/types/HGColor
instanceKlass com/mathworks/hg/types/HGHandle
instanceKlass com/mathworks/hg/Text
instanceKlass com/mathworks/hg/Axes
instanceKlass com/mathworks/hg/GObject
instanceKlass com/mathworks/hg/Figure
instanceKlass com/mathworks/hg/Root
instanceKlass com/mathworks/mlwidgets/util/productinfo/ProductInfoUtils$Parser
instanceKlass com/mathworks/mlwidgets/util/productinfo/ProductInfoUtils$PathActionListener
instanceKlass com/mathworks/jmi/bean/generic_info
instanceKlass com/mathworks/jmi/bean/attribute_info
instanceKlass com/mathworks/jmi/bean/cp_info
instanceKlass com/mathworks/jmi/bean/class_file
instanceKlass com/mathworks/jmi/bean/BeanFileData
instanceKlass com/mathworks/jmi/bean/BeanManager
instanceKlass com/mathworks/jmi/bean/CallbackInfo
instanceKlass com/mathworks/jmi/bean/CallbackData
instanceKlass com/mathworks/jmi/bean/EventQueue
instanceKlass com/mathworks/jmi/bean/MatlabCallbackInterface
instanceKlass com/mathworks/jmi/bean/EventCallback
instanceKlass com/mathworks/jmi/bean/BeanWrapper
instanceKlass com/mathworks/jmi/bean/MethodInfo
instanceKlass com/mathworks/jmi/bean/EventInfo
instanceKlass com/mathworks/jmi/bean/ClassWrapper
instanceKlass com/mathworks/jmi/bean/PropInfo
instanceKlass com/mathworks/beans/ExtraPropertyAttributes
instanceKlass com/mathworks/jmi/bean/EventServer
instanceKlass com/mathworks/jmi/bean/BeanUDDListenerAdapter
instanceKlass com/mathworks/jmi/bean/ClassFileEditor
instanceKlass com/mathworks/jmi/bean/ListenerClassServer
instanceKlass com/mathworks/hg/peer/ui/table/event/UITableCellEditValidationListener
instanceKlass com/mathworks/hg/peer/ui/table/event/UITableCellEditListener
instanceKlass com/mathworks/hg/peer/ui/event/UIKeyListener
instanceKlass com/mathworks/hg/peer/event/UicontrolUserListener
instanceKlass com/mathworks/hg/peer/event/UicontrolListener
instanceKlass com/mathworks/hg/peer/event/UicontrolKeyListener
instanceKlass com/mathworks/hg/peer/event/NodeSelectedListener
instanceKlass com/mathworks/hg/peer/event/NodeSelectedEvent
instanceKlass com/mathworks/hg/peer/event/NodeExpandedListener
instanceKlass com/mathworks/hg/peer/event/NodeExpandedEvent
instanceKlass com/mathworks/hg/peer/event/NodeDroppedListener
instanceKlass com/mathworks/hg/peer/event/NodeDroppedEvent
instanceKlass com/mathworks/hg/peer/event/DataChangedListener
instanceKlass com/mathworks/hg/peer/event/DataChangedEvent
instanceKlass com/mathworks/hg/peer/WindowsTextMetric
instanceKlass com/mathworks/hg/peer/WindowRectHandler
instanceKlass com/mathworks/hg/peer/UnitPos
instanceKlass com/mathworks/hg/peer/UitablePeer$TableChangeListener
instanceKlass com/mathworks/widgets/spreadsheet/SelectionHider
instanceKlass com/mathworks/widgets/spreadsheet/ISpreadsheetNavPrefControl
instanceKlass com/mathworks/widgets/spreadsheet/ISpreadsheetSelectionController
instanceKlass com/mathworks/widgets/spreadsheet/ISelectionOpProvider
instanceKlass com/mathworks/widgets/spreadsheet/format/FormattableDisplay
instanceKlass com/mathworks/widgets/spreadsheet/IRegionOpProvider
instanceKlass com/mathworks/widgets/spreadsheet/IRowHeaderPopupMenuSource
instanceKlass com/mathworks/widgets/spreadsheet/ICellQueryInformant
instanceKlass com/mathworks/hg/peer/UitablePeer$SynchronousInvokeRunnable
instanceKlass com/mathworks/hg/peer/UicontrolBuilder
instanceKlass com/mathworks/hg/peer/UITreePeer$SelectionListener
instanceKlass javax/swing/event/TreeSelectionListener
instanceKlass com/mathworks/hg/peer/UITreePeer$ExpansionListener
instanceKlass javax/swing/tree/TreeModel
instanceKlass javax/swing/tree/DefaultMutableTreeNode
instanceKlass com/mathworks/hg/peer/AbstractComponentPeer
instanceKlass com/mathworks/hg/peer/UIPanel
instanceKlass com/mathworks/hg/peer/ToolbarPeer$1
instanceKlass com/mathworks/hg/peer/TextObjectEdit$CallbackData
instanceKlass com/mathworks/hg/peer/TextObjectEdit$TextEditUndoableListener
instanceKlass com/mathworks/hg/peer/PopupMenuHideHelper
instanceKlass com/mathworks/hg/peer/MenuPeer$MenuItemActionListener
instanceKlass com/mathworks/hg/peer/MenuPeer$MainMenuActionListener
instanceKlass java/awt/event/ContainerAdapter
instanceKlass jogamp/opengl/windows/wgl/WindowsWGLDrawableFactory$SharedResource
instanceKlass jogamp/opengl/windows/wgl/WGLExtProcAddressTable$1
instanceKlass com/jogamp/opengl/GLUniformData
instanceKlass com/jogamp/opengl/GLArrayData
instanceKlass com/jogamp/common/nio/AbstractBuffer
instanceKlass com/jogamp/common/nio/NativeBuffer
instanceKlass jogamp/opengl/windows/wgl/WGLExtImpl
instanceKlass jogamp/opengl/gl4/GL4bcProcAddressTable$1
instanceKlass jogamp/opengl/ExtensionAvailabilityCache
instanceKlass jogamp/opengl/gl4/GL4bcImpl$14
instanceKlass jogamp/opengl/gl4/GL4bcImpl$13
instanceKlass jogamp/opengl/gl4/GL4bcImpl$12
instanceKlass jogamp/opengl/gl4/GL4bcImpl$11
instanceKlass jogamp/opengl/gl4/GL4bcImpl$10
instanceKlass jogamp/opengl/gl4/GL4bcImpl$9
instanceKlass jogamp/opengl/gl4/GL4bcImpl$8
instanceKlass jogamp/opengl/gl4/GL4bcImpl$7
instanceKlass jogamp/opengl/gl4/GL4bcImpl$6
instanceKlass jogamp/opengl/gl4/GL4bcImpl$5
instanceKlass jogamp/opengl/gl4/GL4bcImpl$4
instanceKlass jogamp/opengl/gl4/GL4bcImpl$3
instanceKlass jogamp/opengl/gl4/GL4bcImpl$2
instanceKlass jogamp/opengl/gl4/GL4bcImpl$1
instanceKlass jogamp/opengl/GLContextImpl$1
instanceKlass com/jogamp/opengl/GLRendererQuirks
instanceKlass jogamp/opengl/GLContextShareSet
instanceKlass jogamp/opengl/ListenerSyncedImplStub
instanceKlass jogamp/opengl/GLDebugMessageHandler
instanceKlass com/jogamp/common/util/IntObjectHashMap$Entry
instanceKlass com/jogamp/common/util/IntObjectHashMap$EntryCM
instanceKlass com/jogamp/common/util/IntObjectHashMap$1
instanceKlass com/jogamp/common/util/IntObjectHashMap
instanceKlass com/jogamp/opengl/GLBufferStorage
instanceKlass jogamp/opengl/GLBufferObjectTracker
instanceKlass jogamp/opengl/GLBufferStateTracker
instanceKlass jogamp/opengl/GLContextImpl$2
instanceKlass com/jogamp/common/util/IntIntHashMap$Entry
instanceKlass com/jogamp/common/util/IntIntHashMap
instanceKlass jogamp/opengl/GLStateTracker
instanceKlass jogamp/opengl/windows/wgl/WGLExt
instanceKlass com/jogamp/opengl/GLDebugListener
instanceKlass jogamp/nativewindow/windows/PIXELFORMATDESCRIPTOR
instanceKlass jogamp/opengl/windows/wgl/WGLUtil
instanceKlass jogamp/nativewindow/windows/RegisteredClass
instanceKlass jogamp/nativewindow/SurfaceUpdatedHelper
instanceKlass com/jogamp/nativewindow/UpstreamSurfaceHookMutableSize
instanceKlass com/jogamp/nativewindow/UpstreamSurfaceHook$MutableSize
instanceKlass jogamp/nativewindow/ProxySurfaceImpl
instanceKlass com/jogamp/nativewindow/DefaultGraphicsConfiguration
instanceKlass jogamp/opengl/GLGraphicsConfigurationUtil
instanceKlass com/jogamp/nativewindow/DefaultGraphicsScreen
instanceKlass jogamp/opengl/windows/wgl/WindowsWGLDrawableFactory$SharedResourceImplementation
instanceKlass jogamp/opengl/SharedResourceRunner
instanceKlass com/jogamp/nativewindow/VisualIDHolder$VIDComparator
instanceKlass com/jogamp/nativewindow/Capabilities
instanceKlass com/jogamp/nativewindow/CapabilitiesChooser
instanceKlass com/jogamp/gluegen/runtime/opengl/GLNameResolver
instanceKlass com/jogamp/gluegen/runtime/opengl/GLProcAddressResolver
instan